<?xml version="1.0" encoding="UTF-8"?>
<!-- Generated by org.testng.reporters.JUnitXMLReporter -->
<testsuite hostname="confiz-3738" ignored="0" name="Command line test" tests="6" failures="0" timestamp="09 May 2021 16:23:40 GMT" time="119.643" errors="0">
  <testcase name="AllCategoriesPageTest" time="26.226" classname="Tayara.TayaraAutomation.AllCategoriesTest"/>
  <testcase name="CreateAnAdPageTest" time="0.144" classname="Tayara.TayaraAutomation.CreateAnAdTest"/>
  <testcase name="LoadMoreButtonPageTest" time="0.248" classname="Tayara.TayaraAutomation.LoadMoreButtonTest"/>
  <testcase name="LoginPageTest" time="0.394" classname="Tayara.TayaraAutomation.LoginTest"/>
  <testcase name="ProsTest" time="2.37" classname="Tayara.TayaraAutomation.ProsButtonTest"/>
  <testcase name="SearchAllCategoriesBarTest" time="0.325" classname="Tayara.TayaraAutomation.SearchAllCategoriesTest"/>
</testsuite> <!-- Command line test -->
