<?xml version="1.0" encoding="UTF-8"?>
<testng-results skipped="0" failed="0" ignored="0" total="1" passed="1">
  <reporter-output>
  </reporter-output>
  <suite name="Default suite" duration-ms="9741" started-at="2021-05-09T16:18:01Z" finished-at="2021-05-09T16:18:10Z">
    <groups>
    </groups>
    <test name="Default test" duration-ms="9741" started-at="2021-05-09T16:18:01Z" finished-at="2021-05-09T16:18:10Z">
      <class name="Tayara.TayaraAutomation.LoadMoreButtonTest">
        <test-method status="PASS" signature="Setup()[pri:0, instance:Tayara.TayaraAutomation.LoadMoreButtonTest@657c8ad9]" name="Setup" is-config="true" duration-ms="9349" started-at="2021-05-09T16:18:01Z" finished-at="2021-05-09T16:18:10Z">
          <reporter-output>
          </reporter-output>
        </test-method> <!-- Setup -->
        <test-method status="PASS" signature="LoadMoreButtonPageTest(java.lang.reflect.Method)[pri:0, instance:Tayara.TayaraAutomation.LoadMoreButtonTest@657c8ad9]" name="LoadMoreButtonPageTest" duration-ms="174" started-at="2021-05-09T16:18:10Z" finished-at="2021-05-09T16:18:10Z">
          <params>
            <param index="0">
              <value>
                <![CDATA[public void Tayara.TayaraAutomation.LoadMoreButtonTest.LoadMoreButtonPageTest(java.lang.reflect.Method)]]>
              </value>
            </param>
          </params>
          <reporter-output>
          </reporter-output>
        </test-method> <!-- LoadMoreButtonPageTest -->
        <test-method status="PASS" signature="broweserClosure()[pri:0, instance:Tayara.TayaraAutomation.LoadMoreButtonTest@657c8ad9]" name="broweserClosure" is-config="true" duration-ms="187" started-at="2021-05-09T16:18:10Z" finished-at="2021-05-09T16:18:10Z">
          <reporter-output>
          </reporter-output>
        </test-method> <!-- broweserClosure -->
      </class> <!-- Tayara.TayaraAutomation.LoadMoreButtonTest -->
    </test> <!-- Default test -->
  </suite> <!-- Default suite -->
</testng-results>
